#
# A fatal error has been detected by the Java Runtime Environment:
#
#  EXCEPTION_ACCESS_VIOLATION (0xc0000005) at pc=0x0000000069728f45, pid=21944, tid=8260
#
# JRE version: Java(TM) SE Runtime Environment (8.0_91-b14) (build 1.8.0_91-b14)
# Java VM: Java HotSpot(TM) 64-Bit Server VM (25.91-b14 mixed mode windows-amd64 compressed oops)
# Problematic frame:
# V  [jvm.dll+0x128f45]
#
# Failed to write core dump. Minidumps are not enabled by default on client versions of Windows
#
# If you would like to submit a bug report, please visit:
#   http://bugreport.java.com/bugreport/crash.jsp
#

---------------  T H R E A D  ---------------

Current thread (0x0000000017d38800):  JavaThread "JDWP Transport Listener: dt_socket" daemon [_thread_in_vm, id=8260, stack(0x00000000197a0000,0x00000000198a0000)]

siginfo: ExceptionCode=0xc0000005, reading address 0xffffffffffffffff

Registers:
RAX=0x000000001989f701, RBX=0x0000000017d38800, RCX=0x3b003b6d61657274, RDX=0x0000000000000000
RSP=0x000000001989f730, RBP=0x3b003b6d61657274, RSI=0x000000001989f848, RDI=0x0000000000fda070
R8 =0x0000000017d38800, R9 =0x0000000000008000, R10=0x0000000000000000, R11=0x000000001989f9f8
R12=0x0000000000000000, R13=0x0000000017d394d8, R14=0x0000000000000000, R15=0x0000000000000000
RIP=0x0000000069728f45, EFLAGS=0x0000000000010206

Top of Stack: (sp=0x000000001989f730)
0x000000001989f730:   0000000017d38800 0000000017d38800
0x000000001989f740:   000000001989f7f8 000000006992f32b
0x000000001989f750:   0000000017d38800 000000006994bb8d
0x000000001989f760:   0000000000000000 000000006a559155
0x000000001989f770:   00000000191d7970 000000006a56291e
0x000000001989f780:   0000000017d38800 0000000000000000
0x000000001989f790:   0000000000000000 0000000000000000
0x000000001989f7a0:   3b003b6d61657274 000000006a561a15
0x000000001989f7b0:   000000001989f848 000000001989f820
0x000000001989f7c0:   0000000000000001 00000000191d7970
0x000000001989f7d0:   3b003b6d61657274 000000006a5453b3
0x000000001989f7e0:   000000001989f910 0000000000000001
0x000000001989f7f0:   0000000000000001 00000000191d7970
0x000000001989f800:   0000000000000009 0000000000000000
0x000000001989f810:   0000000000000000 0000000000000000
0x000000001989f820:   0000000000000001 000000006a545571 

Instructions: (pc=0x0000000069728f45)
0x0000000069728f25:   cc cc cc cc cc cc cc cc cc cc cc 48 83 ec 28 48
0x0000000069728f35:   85 c9 75 07 33 c0 48 83 c4 28 c3 48 89 5c 24 20
0x0000000069728f45:   48 8b 19 48 85 db 74 20 48 83 fb 37 74 1a 48 8b
0x0000000069728f55:   13 48 8b cb ff 52 10 84 c0 74 0d 48 8b c3 48 8b 


Register to memory mapping:

RAX=0x000000001989f701 is pointing into the stack for thread: 0x0000000017d38800
RBX=0x0000000017d38800 is a thread
RCX=0x3b003b6d61657274 is an unknown value
RDX=0x0000000000000000 is an unknown value
RSP=0x000000001989f730 is pointing into the stack for thread: 0x0000000017d38800
RBP=0x3b003b6d61657274 is an unknown value
RSI=0x000000001989f848 is pointing into the stack for thread: 0x0000000017d38800
RDI=0x0000000000fda070 is an unknown value
R8 =0x0000000017d38800 is a thread
R9 =0x0000000000008000 is an unknown value
R10=0x0000000000000000 is an unknown value
R11=0x000000001989f9f8 is pointing into the stack for thread: 0x0000000017d38800
R12=0x0000000000000000 is an unknown value
R13=0x0000000017d394d8 is an unknown value
R14=0x0000000000000000 is an unknown value
R15=0x0000000000000000 is an unknown value


Stack: [0x00000000197a0000,0x00000000198a0000],  sp=0x000000001989f730,  free space=1021k
Native frames: (J=compiled Java code, j=interpreted, Vv=VM code, C=native code)
V  [jvm.dll+0x128f45]
V  [jvm.dll+0x34bb8d]
C  [jdwp.dll+0x21a15]
C  [jdwp.dll+0x53b3]
C  [jdwp.dll+0x5571]
C  [jdwp.dll+0xf0a8]
C  [jdwp.dll+0x1f2d5]
C  [jdwp.dll+0x1f4aa]
V  [jvm.dll+0x1bbf38]
V  [jvm.dll+0x243ae4]
V  [jvm.dll+0x29a99a]
C  [msvcr100.dll+0x21d9f]
C  [msvcr100.dll+0x21e3b]
C  [KERNEL32.DLL+0x8364]
C  [ntdll.dll+0x670d1]


---------------  P R O C E S S  ---------------

Java Threads: ( => current thread )
  0x0000000019171800 JavaThread "Service Thread" daemon [_thread_blocked, id=16968, stack(0x0000000019da0000,0x0000000019ea0000)]
  0x0000000017d6e000 JavaThread "C1 CompilerThread2" daemon [_thread_blocked, id=18944, stack(0x0000000019ca0000,0x0000000019da0000)]
  0x0000000017d55000 JavaThread "C2 CompilerThread1" daemon [_thread_blocked, id=8384, stack(0x0000000019ba0000,0x0000000019ca0000)]
  0x0000000017d4c000 JavaThread "C2 CompilerThread0" daemon [_thread_blocked, id=5196, stack(0x0000000019aa0000,0x0000000019ba0000)]
  0x0000000017d3f800 JavaThread "JDWP Command Reader" daemon [_thread_in_native, id=11764, stack(0x00000000199a0000,0x0000000019aa0000)]
  0x0000000017d3c000 JavaThread "JDWP Event Helper Thread" daemon [_thread_blocked, id=22984, stack(0x00000000198a0000,0x00000000199a0000)]
=>0x0000000017d38800 JavaThread "JDWP Transport Listener: dt_socket" daemon [_thread_in_vm, id=8260, stack(0x00000000197a0000,0x00000000198a0000)]
  0x0000000019123000 JavaThread "Attach Listener" daemon [_thread_blocked, id=872, stack(0x00000000195e0000,0x00000000196e0000)]
  0x0000000019122800 JavaThread "Signal Dispatcher" daemon [_thread_blocked, id=22584, stack(0x00000000194e0000,0x00000000195e0000)]
  0x0000000017cf9800 JavaThread "Finalizer" daemon [_thread_blocked, id=22928, stack(0x0000000018f80000,0x0000000019080000)]
  0x00000000031c1000 JavaThread "Reference Handler" daemon [_thread_blocked, id=2532, stack(0x0000000018e80000,0x0000000018f80000)]
  0x0000000000fde800 JavaThread "main" [_thread_in_vm, id=10732, stack(0x0000000002fd0000,0x00000000030d0000)]

Other Threads:
  0x0000000017cd7800 VMThread [stack: 0x0000000018d80000,0x0000000018e80000] [id=18784]
  0x00000000191ce000 WatcherThread [stack: 0x0000000019ea0000,0x0000000019fa0000] [id=10884]

VM state:not at safepoint (normal execution)

VM Mutex/Monitor currently owned by a thread: None

Heap:
 PSYoungGen      total 38400K, used 2662K [0x00000000d5e00000, 0x00000000d8880000, 0x0000000100000000)
  eden space 33280K, 8% used [0x00000000d5e00000,0x00000000d60999c0,0x00000000d7e80000)
  from space 5120K, 0% used [0x00000000d8380000,0x00000000d8380000,0x00000000d8880000)
  to   space 5120K, 0% used [0x00000000d7e80000,0x00000000d7e80000,0x00000000d8380000)
 ParOldGen       total 87552K, used 0K [0x0000000081a00000, 0x0000000086f80000, 0x00000000d5e00000)
  object space 87552K, 0% used [0x0000000081a00000,0x0000000081a00000,0x0000000086f80000)
 Metaspace       used 2849K, capacity 4600K, committed 4864K, reserved 1056768K
  class space    used 315K, capacity 424K, committed 512K, reserved 1048576K

Card table byte_map: [0x0000000012590000,0x0000000012990000] byte_map_base: 0x0000000012183000

Marking Bits: (ParMarkBitMap*) 0x0000000069e12f70
 Begin Bits: [0x0000000013040000, 0x0000000014fd8000)
 End Bits:   [0x0000000014fd8000, 0x0000000016f70000)

Polling page: 0x0000000000fc0000

CodeCache: size=245760Kb used=1125Kb max_used=1129Kb free=244634Kb
 bounds [0x00000000031d0000, 0x0000000003440000, 0x00000000121d0000]
 total_blobs=272 nmethods=41 adapters=153
 compilation: enabled

Compilation events (10 events):
Event: 0.395 Thread 0x0000000017d4c000   37       4       java.util.Random::next (47 bytes)
Event: 0.396 Thread 0x0000000017d55000   38       4       java.lang.Math::random (7 bytes)
Event: 0.397 Thread 0x0000000017d4c000 nmethod 37 0x00000000032e96d0 code [0x00000000032e9800, 0x00000000032e9918]
Event: 0.398 Thread 0x0000000017d6e000   39 %     3       com.daimens.algorithm.utils.RandomUtil::randomSet @ 49 (95 bytes)
Event: 0.399 Thread 0x0000000017d55000 nmethod 38 0x00000000032e8410 code [0x00000000032e8580, 0x00000000032e8718]
Event: 0.399 Thread 0x0000000017d6e000 nmethod 39% 0x00000000032e8910 code [0x00000000032e8b00, 0x00000000032e9238]
Event: 0.399 Thread 0x0000000017d6e000   40       3       com.daimens.algorithm.utils.RandomUtil::randomSet (95 bytes)
Event: 0.400 Thread 0x0000000017d6e000 nmethod 40 0x00000000032e7890 code [0x00000000032e7a80, 0x00000000032e80f8]
Event: 0.400 Thread 0x0000000017d4c000   41 %     4       com.daimens.algorithm.utils.RandomUtil::randomSet @ 49 (95 bytes)
Event: 0.409 Thread 0x0000000017d4c000 nmethod 41% 0x00000000032ea7d0 code [0x00000000032ea940, 0x00000000032eafd8]

GC Heap History (0 events):
No events

Deoptimization events (0 events):
No events

Internal exceptions (2 events):
Event: 0.066 Thread 0x0000000000fde800 Exception <a 'java/lang/NoSuchMethodError': Method sun.misc.Unsafe.defineClass(Ljava/lang/String;[BII)Ljava/lang/Class; name or signature does not match> (0x00000000d5e07cc0) thrown at [C:\re\workspace\8-2-build-windows-amd64-cygwin\jdk8u91\6644\hotspot\sr»*þjÚ°?
Event: 0.066 Thread 0x0000000000fde800 Exception <a 'java/lang/NoSuchMethodError': Method sun.misc.Unsafe.prefetchRead(Ljava/lang/Object;J)V name or signature does not match> (0x00000000d5e07fa8) thrown at [C:\re\workspace\8-2-build-windows-amd64-cygwin\jdk8u91\6644\hotspot\src\share\vm\prims\j

Events (10 events):
Event: 57.755 Executing VM operation: ChangeBreakpoints
Event: 57.755 Executing VM operation: ChangeBreakpoints done
Event: 57.774 Executing VM operation: ChangeBreakpoints
Event: 57.774 Executing VM operation: ChangeBreakpoints done
Event: 57.775 Executing VM operation: ChangeBreakpoints
Event: 57.775 Executing VM operation: ChangeBreakpoints done
Event: 212.905 Executing VM operation: RedefineClasses
Event: 212.906 Executing VM operation: RedefineClasses done
Event: 212.909 Thread 0x0000000000fde800 DEOPT PACKING pc=0x00000000032eaa63 sp=0x00000000030cf040
Event: 212.909 Thread 0x0000000000fde800 DEOPT UNPACKING pc=0x000000000321787f sp=0x00000000030ced78 mode 0


Dynamic libraries:
0x00007ff786270000 - 0x00007ff7862a7000 	F:\Program Files\Java\jre1.8.0_91\bin\javaw.exe
0x00007ffc9abd0000 - 0x00007ffc9ada1000 	C:\WINDOWS\SYSTEM32\ntdll.dll
0x00007ffc9a390000 - 0x00007ffc9a43c000 	C:\WINDOWS\System32\KERNEL32.DLL
0x00007ffc97f40000 - 0x00007ffc9815d000 	C:\WINDOWS\System32\KERNELBASE.dll
0x00007ffc99b70000 - 0x00007ffc99c12000 	C:\WINDOWS\System32\ADVAPI32.dll
0x00007ffc9a8c0000 - 0x00007ffc9a95e000 	C:\WINDOWS\System32\msvcrt.dll
0x00007ffc9a1d0000 - 0x00007ffc9a229000 	C:\WINDOWS\System32\sechost.dll
0x00007ffc982a0000 - 0x00007ffc983c1000 	C:\WINDOWS\System32\RPCRT4.dll
0x00007ffc99a00000 - 0x00007ffc99b65000 	C:\WINDOWS\System32\USER32.dll
0x00007ffc97170000 - 0x00007ffc9718e000 	C:\WINDOWS\System32\win32u.dll
0x00007ffc9a880000 - 0x00007ffc9a8b4000 	C:\WINDOWS\System32\GDI32.dll
0x00007ffc97d60000 - 0x00007ffc97ee2000 	C:\WINDOWS\System32\gdi32full.dll
0x00007ffc8d020000 - 0x00007ffc8d29a000 	C:\WINDOWS\WinSxS\amd64_microsoft.windows.common-controls_6595b64144ccf1df_6.0.14393.953_none_42151e83c686086b\COMCTL32.dll
0x00007ffc99ee0000 - 0x00007ffc9a1a8000 	C:\WINDOWS\System32\combase.dll
0x00007ffc97190000 - 0x00007ffc97285000 	C:\WINDOWS\System32\ucrtbase.dll
0x00007ffc974c0000 - 0x00007ffc9752a000 	C:\WINDOWS\System32\bcryptPrimitives.dll
0x00007ffc9aba0000 - 0x00007ffc9abce000 	C:\WINDOWS\System32\IMM32.DLL
0x0000000069270000 - 0x0000000069342000 	F:\Program Files\Java\jre1.8.0_91\bin\msvcr100.dll
0x0000000069600000 - 0x0000000069e93000 	F:\Program Files\Java\jre1.8.0_91\bin\server\jvm.dll
0x00007ffc9a870000 - 0x00007ffc9a878000 	C:\WINDOWS\System32\PSAPI.DLL
0x00007ffc87840000 - 0x00007ffc87849000 	C:\WINDOWS\SYSTEM32\WSOCK32.dll
0x00007ffc9a230000 - 0x00007ffc9a29a000 	C:\WINDOWS\System32\WS2_32.dll
0x00007ffc94f40000 - 0x00007ffc94f63000 	C:\WINDOWS\SYSTEM32\WINMM.dll
0x00007ffc8bd80000 - 0x00007ffc8bd8a000 	C:\WINDOWS\SYSTEM32\VERSION.dll
0x00007ffc94ee0000 - 0x00007ffc94f0b000 	C:\WINDOWS\SYSTEM32\WINMMBASE.dll
0x00007ffc97ef0000 - 0x00007ffc97f32000 	C:\WINDOWS\System32\cfgmgr32.dll
0x000000006a830000 - 0x000000006a83f000 	F:\Program Files\Java\jre1.8.0_91\bin\verify.dll
0x000000006a800000 - 0x000000006a829000 	F:\Program Files\Java\jre1.8.0_91\bin\java.dll
0x000000006a540000 - 0x000000006a575000 	F:\Program Files\Java\jre1.8.0_91\bin\jdwp.dll
0x00000000695f0000 - 0x00000000695f8000 	F:\Program Files\Java\jre1.8.0_91\bin\npt.dll
0x000000006a7e0000 - 0x000000006a7f6000 	F:\Program Files\Java\jre1.8.0_91\bin\zip.dll
0x00007ffc983d0000 - 0x00007ffc998d8000 	C:\WINDOWS\System32\SHELL32.dll
0x00007ffc97530000 - 0x00007ffc97c0a000 	C:\WINDOWS\System32\windows.storage.dll
0x00007ffc97060000 - 0x00007ffc970ac000 	C:\WINDOWS\System32\powrprof.dll
0x00007ffc99e80000 - 0x00007ffc99ed2000 	C:\WINDOWS\System32\shlwapi.dll
0x00007ffc970b0000 - 0x00007ffc970bf000 	C:\WINDOWS\System32\kernel.appcore.dll
0x00007ffc97c10000 - 0x00007ffc97cb9000 	C:\WINDOWS\System32\shcore.dll
0x00007ffc97040000 - 0x00007ffc97054000 	C:\WINDOWS\System32\profapi.dll
0x00000000695e0000 - 0x00000000695e9000 	F:\Program Files\Java\jre1.8.0_91\bin\dt_socket.dll
0x00007ffc85d20000 - 0x00007ffc85d36000 	C:\WINDOWS\system32\napinsp.dll
0x00007ffc85d40000 - 0x00007ffc85d5a000 	C:\WINDOWS\system32\pnrpnsp.dll
0x00007ffc8fac0000 - 0x00007ffc8fad8000 	C:\WINDOWS\system32\NLAapi.dll
0x00007ffc968d0000 - 0x00007ffc9692c000 	C:\WINDOWS\System32\mswsock.dll
0x00007ffc96690000 - 0x00007ffc96731000 	C:\WINDOWS\SYSTEM32\DNSAPI.dll
0x00007ffc9a380000 - 0x00007ffc9a388000 	C:\WINDOWS\System32\NSI.dll
0x00007ffc96650000 - 0x00007ffc96688000 	C:\WINDOWS\SYSTEM32\IPHLPAPI.DLL
0x00007ffc870a0000 - 0x00007ffc870ae000 	C:\WINDOWS\System32\winrnr.dll
0x00007ffc93720000 - 0x00007ffc93735000 	C:\WINDOWS\System32\wshbth.dll
0x000000006a890000 - 0x000000006a8b6000 	C:\Program Files\Bonjour\mdnsNSP.dll
0x00007ffc8fce0000 - 0x00007ffc8fd4a000 	C:\WINDOWS\System32\fwpuclnt.dll
0x00007ffc96f70000 - 0x00007ffc96f9b000 	C:\WINDOWS\SYSTEM32\bcrypt.dll
0x00007ffc8e330000 - 0x00007ffc8e33a000 	C:\Windows\System32\rasadhlp.dll
0x00007ffc8f3d0000 - 0x00007ffc8f562000 	C:\WINDOWS\SYSTEM32\dbghelp.dll

VM Arguments:
jvm_args: -agentlib:jdwp=transport=dt_socket,suspend=y,address=localhost:50566 -Dfile.encoding=UTF-8 -Xbootclasspath:F:\Program Files\Java\jre1.8.0_91\lib\resources.jar;F:\Program Files\Java\jre1.8.0_91\lib\rt.jar;F:\Program Files\Java\jre1.8.0_91\lib\jsse.jar;F:\Program Files\Java\jre1.8.0_91\lib\jce.jar;F:\Program Files\Java\jre1.8.0_91\lib\charsets.jar;F:\Program Files\Java\jre1.8.0_91\lib\jfr.jar 
java_command: com.daimens.algorithm.collection.PriorityQueue
java_class_path (initial): F:\java_workspace\leetcode\bin
Launcher Type: SUN_STANDARD

Environment Variables:
JAVA_HOME=F:\Program Files\Java\jdk1.8.0_91
CLASSPATH=.;F:\Program Files\Java\jdk1.8.0_91\lib;F:\Program Files\Java\jdk1.8.0_91\lib\tools.jar
PATH=F:/Program Files/Java/jre1.8.0_91/bin/server;F:/Program Files/Java/jre1.8.0_91/bin;F:/Program Files/Java/jre1.8.0_91/lib/amd64;C:\ProgramData\Oracle\Java\javapath;C:\WINDOWS\system32;C:\WINDOWS;C:\WINDOWS\System32\Wbem;C:\WINDOWS\System32\WindowsPowerShell\v1.0\;F:\Program Files\Git\cmd;F:\Program Files\MATLAB\R2015b\runtime\win64;F:\Program Files\MATLAB\R2015b\bin;F:\Program Files\MATLAB\R2015b\polyspace\bin;C:\Program Files\MySQL\MySQL Utilities 1.6\;F:\Program Files\nodejs\;C:\Users\Administrator\AppData\Local\Programs\Python\Python35\Scripts\;C:\Users\Administrator\AppData\Local\Programs\Python\Python35\;C:\Users\Administrator\AppData\Local\Microsoft\WindowsApps;F:\Program Files\Java\jdk1.8.0_91\bin;F:\Program Files\Java\jdk1.8.0_91\jre\bin;C:\Users\Administrator\AppData\Roaming\npm;C:\Users\Administrator\Desktop;
USERNAME=Administrator
OS=Windows_NT
PROCESSOR_IDENTIFIER=Intel64 Family 6 Model 69 Stepping 1, GenuineIntel



---------------  S Y S T E M  ---------------

OS: Windows 10.0 , 64 bit Build 14393 (10.0.14393.1198)

CPU:total 4 (2 cores per cpu, 2 threads per core) family 6 model 69 stepping 1, cmov, cx8, fxsr, mmx, sse, sse2, sse3, ssse3, sse4.1, sse4.2, popcnt, avx, avx2, aes, clmul, erms, lzcnt, ht, tsc, tscinvbit, bmi1, bmi2

Memory: 4k page, physical 8274284k(4150780k free), swap 9585004k(4099360k free)

vm_info: Java HotSpot(TM) 64-Bit Server VM (25.91-b14) for windows-amd64 JRE (1.8.0_91-b14), built on Apr  1 2016 00:58:32 by "java_re" with MS VC++ 10.0 (VS2010)

time: Wed May 31 12:56:46 2017
elapsed time: 458 seconds (0d 0h 7m 38s)

